<?xml version="1.0" encoding="UTF-8"?>
<!-- Generated by org.testng.reporters.JUnitXMLReporter -->
<testsuite ignored="0" hostname="HQSML-K200525" failures="1"
	tests="2" name="MockAPI_Test" time="3.29" errors="0"
	timestamp="2023-11-23T19:25:12 EST">
	<testcase
		classname="com.mock.api.test.GetDeviceStatusByIdTest"
		name="getDeviceStatusById" time="2.366">
		<failure type="java.lang.AssertionError"
			message="expected [false] but found [true]">
      <![CDATA[java.lang.AssertionError: expected [false] but found [true]
at com.mock.api.assertions.GetDeviceStatusByIdAssertion.getDeviceStatusResponseAssertion(GetDeviceStatusByIdAssertion.java:57)
at com.mock.api.test.GetDeviceStatusByIdTest.getDeviceStatusById(GetDeviceStatusByIdTest.java:63)
at java.base/java.util.ArrayList.forEach(ArrayList.java:1511)
... Removed 34 stack frames]]>
		</failure>
	</testcase> <!-- getDeviceStatusById -->
	<testcase
		classname="com.mock.api.test.GetDeviceStatusByIdTest"
		name="getDeviceStatusById" time="0.472" />
</testsuite> <!-- MockAPI_Test -->
