<?xml version="1.0" encoding="UTF-8"?>
<testng-results ignored="0" total="6" passed="6" failed="0" skipped="0">
  <reporter-output>
  </reporter-output>
  <suite started-at="2023-11-23T20:39:13 EST" name="Amazon-Sanity_Dev" finished-at="2023-11-23T20:40:52 EST" duration-ms="98487">
    <groups>
    </groups>
    <test started-at="2023-11-23T20:39:13 EST" name="Amazon_Login_Test" finished-at="2023-11-23T20:40:52 EST" duration-ms="98487">
      <class name="com.amazon.user.regression.AmazonLoginTest">
        <test-method is-config="true" signature="reportData(org.testng.ITestContext)[pri:0, instance:com.amazon.user.regression.AmazonLoginTest@154b8cb6, instance params:[{loginEmail=pradeepsakthi5148@gmail.com, browser=Chrome, testscenarioName=Pradeep Success Login, userProfileName=Pradeep}]]" started-at="2023-11-23T20:39:13 EST" name="reportData" finished-at="2023-11-23T20:39:13 EST" duration-ms="177" status="PASS">
          <params>
            <param index="0">
              <value>
                <![CDATA[org.testng.TestRunner@40ecead5]]>
              </value>
            </param>
          </params>
          <reporter-output>
          </reporter-output>
        </test-method> <!-- reportData -->
        <test-method is-config="true" signature="getEnvironmentURL()[pri:0, instance:com.amazon.user.regression.AmazonLoginTest@154b8cb6, instance params:[{loginEmail=pradeepsakthi5148@gmail.com, browser=Chrome, testscenarioName=Pradeep Success Login, userProfileName=Pradeep}]]" started-at="2023-11-23T20:39:13 EST" name="getEnvironmentURL" finished-at="2023-11-23T20:39:13 EST" depends-on-methods="com.amazon.base.BaseTest.reportData" duration-ms="5" status="PASS">
          <reporter-output>
          </reporter-output>
        </test-method> <!-- getEnvironmentURL -->
        <test-method is-config="true" signature="login(org.testng.ITestContext)[pri:0, instance:com.amazon.user.regression.AmazonLoginTest@154b8cb6, instance params:[{loginEmail=pradeepsakthi5148@gmail.com, browser=Chrome, testscenarioName=Pradeep Success Login, userProfileName=Pradeep}]]" started-at="2023-11-23T20:39:13 EST" name="login" finished-at="2023-11-23T20:39:14 EST" duration-ms="49" status="PASS">
          <params>
            <param index="0">
              <value>
                <![CDATA[org.testng.TestRunner@40ecead5]]>
              </value>
            </param>
          </params>
          <reporter-output>
          </reporter-output>
        </test-method> <!-- login -->
        <test-method signature="loginUser()[pri:1, instance:com.amazon.user.regression.AmazonLoginTest@154b8cb6, instance params:[{loginEmail=pradeepsakthi5148@gmail.com, browser=Chrome, testscenarioName=Pradeep Success Login, userProfileName=Pradeep}]]" started-at="2023-11-23T20:39:14 EST" name="loginUser" finished-at="2023-11-23T20:39:14 EST" duration-ms="21" status="PASS">
          <reporter-output>
          </reporter-output>
        </test-method> <!-- loginUser -->
        <test-method is-config="true" signature="getResult(org.testng.ITestResult)[pri:0, instance:com.amazon.user.regression.AmazonLoginTest@154b8cb6, instance params:[{loginEmail=pradeepsakthi5148@gmail.com, browser=Chrome, testscenarioName=Pradeep Success Login, userProfileName=Pradeep}]]" started-at="2023-11-23T20:39:14 EST" name="getResult" finished-at="2023-11-23T20:39:14 EST" duration-ms="2" status="PASS">
          <params>
            <param index="0">
              <value>
                <![CDATA[[TestResult name=loginUser status=SUCCESS method=AmazonLoginTest.loginUser()[pri:1, instance:com.amazon.user.regression.AmazonLoginTest@154b8cb6, instance params:[{loginEmail=pradeepsakthi5148@gmail.com, browser=Chrome, testscenarioName=Pradeep Success Login, userProfileName=Pradeep}]] output={null}]]]>
              </value>
            </param>
          </params>
          <reporter-output>
          </reporter-output>
        </test-method> <!-- getResult -->
        <test-method signature="logoutUser()[pri:2, instance:com.amazon.user.regression.AmazonLoginTest@154b8cb6, instance params:[{loginEmail=pradeepsakthi5148@gmail.com, browser=Chrome, testscenarioName=Pradeep Success Login, userProfileName=Pradeep}]]" started-at="2023-11-23T20:39:14 EST" name="logoutUser" finished-at="2023-11-23T20:39:14 EST" depends-on-methods="com.amazon.user.regression.AmazonLoginTest.loginUser" duration-ms="2" status="PASS">
          <reporter-output>
          </reporter-output>
        </test-method> <!-- logoutUser -->
        <test-method is-config="true" signature="getResult(org.testng.ITestResult)[pri:0, instance:com.amazon.user.regression.AmazonLoginTest@154b8cb6, instance params:[{loginEmail=pradeepsakthi5148@gmail.com, browser=Chrome, testscenarioName=Pradeep Success Login, userProfileName=Pradeep}]]" started-at="2023-11-23T20:39:14 EST" name="getResult" finished-at="2023-11-23T20:39:14 EST" duration-ms="0" status="PASS">
          <params>
            <param index="0">
              <value>
                <![CDATA[[TestResult name=logoutUser status=SUCCESS method=AmazonLoginTest.logoutUser()[pri:2, instance:com.amazon.user.regression.AmazonLoginTest@154b8cb6, instance params:[{loginEmail=pradeepsakthi5148@gmail.com, browser=Chrome, testscenarioName=Pradeep Success Login, userProfileName=Pradeep}]] output={null}]]]>
              </value>
            </param>
          </params>
          <reporter-output>
          </reporter-output>
        </test-method> <!-- getResult -->
        <test-method is-config="true" signature="statusupdate()[pri:0, instance:com.amazon.user.regression.AmazonLoginTest@154b8cb6, instance params:[{loginEmail=pradeepsakthi5148@gmail.com, browser=Chrome, testscenarioName=Pradeep Success Login, userProfileName=Pradeep}]]" started-at="2023-11-23T20:39:14 EST" name="statusupdate" finished-at="2023-11-23T20:39:14 EST" duration-ms="0" status="PASS">
          <reporter-output>
          </reporter-output>
        </test-method> <!-- statusupdate -->
        <test-method is-config="true" signature="login(org.testng.ITestContext)[pri:0, instance:com.amazon.user.regression.AmazonLoginTest@1c7f9861, instance params:[{loginEmail=pradeepsakthi5148@gmail.com, browser=Edge, testscenarioName=Pradeep Success Login, userProfileName=Pradeep}]]" started-at="2023-11-23T20:39:14 EST" name="login" finished-at="2023-11-23T20:39:22 EST" duration-ms="8192" status="PASS">
          <params>
            <param index="0">
              <value>
                <![CDATA[org.testng.TestRunner@40ecead5]]>
              </value>
            </param>
          </params>
          <reporter-output>
          </reporter-output>
        </test-method> <!-- login -->
        <test-method signature="loginUser()[pri:1, instance:com.amazon.user.regression.AmazonLoginTest@1c7f9861, instance params:[{loginEmail=pradeepsakthi5148@gmail.com, browser=Edge, testscenarioName=Pradeep Success Login, userProfileName=Pradeep}]]" started-at="2023-11-23T20:39:22 EST" name="loginUser" finished-at="2023-11-23T20:39:59 EST" duration-ms="37391" status="PASS">
          <reporter-output>
          </reporter-output>
        </test-method> <!-- loginUser -->
        <test-method is-config="true" signature="getResult(org.testng.ITestResult)[pri:0, instance:com.amazon.user.regression.AmazonLoginTest@154b8cb6, instance params:[{loginEmail=pradeepsakthi5148@gmail.com, browser=Chrome, testscenarioName=Pradeep Success Login, userProfileName=Pradeep}]]" started-at="2023-11-23T20:39:59 EST" name="getResult" finished-at="2023-11-23T20:39:59 EST" duration-ms="3" status="PASS">
          <params>
            <param index="0">
              <value>
                <![CDATA[[TestResult name=loginUser status=SUCCESS method=AmazonLoginTest.loginUser()[pri:1, instance:com.amazon.user.regression.AmazonLoginTest@1c7f9861, instance params:[{loginEmail=pradeepsakthi5148@gmail.com, browser=Edge, testscenarioName=Pradeep Success Login, userProfileName=Pradeep}]] output={null}]]]>
              </value>
            </param>
          </params>
          <reporter-output>
          </reporter-output>
        </test-method> <!-- getResult -->
        <test-method signature="logoutUser()[pri:2, instance:com.amazon.user.regression.AmazonLoginTest@1c7f9861, instance params:[{loginEmail=pradeepsakthi5148@gmail.com, browser=Edge, testscenarioName=Pradeep Success Login, userProfileName=Pradeep}]]" started-at="2023-11-23T20:39:59 EST" name="logoutUser" finished-at="2023-11-23T20:40:09 EST" depends-on-methods="com.amazon.user.regression.AmazonLoginTest.loginUser" duration-ms="9503" status="PASS">
          <reporter-output>
          </reporter-output>
        </test-method> <!-- logoutUser -->
        <test-method is-config="true" signature="getResult(org.testng.ITestResult)[pri:0, instance:com.amazon.user.regression.AmazonLoginTest@154b8cb6, instance params:[{loginEmail=pradeepsakthi5148@gmail.com, browser=Chrome, testscenarioName=Pradeep Success Login, userProfileName=Pradeep}]]" started-at="2023-11-23T20:40:09 EST" name="getResult" finished-at="2023-11-23T20:40:09 EST" duration-ms="0" status="PASS">
          <params>
            <param index="0">
              <value>
                <![CDATA[[TestResult name=logoutUser status=SUCCESS method=AmazonLoginTest.logoutUser()[pri:2, instance:com.amazon.user.regression.AmazonLoginTest@1c7f9861, instance params:[{loginEmail=pradeepsakthi5148@gmail.com, browser=Edge, testscenarioName=Pradeep Success Login, userProfileName=Pradeep}]] output={null}]]]>
              </value>
            </param>
          </params>
          <reporter-output>
          </reporter-output>
        </test-method> <!-- getResult -->
        <test-method is-config="true" signature="statusupdate()[pri:0, instance:com.amazon.user.regression.AmazonLoginTest@154b8cb6, instance params:[{loginEmail=pradeepsakthi5148@gmail.com, browser=Chrome, testscenarioName=Pradeep Success Login, userProfileName=Pradeep}]]" started-at="2023-11-23T20:40:09 EST" name="statusupdate" finished-at="2023-11-23T20:40:09 EST" duration-ms="2" status="PASS">
          <reporter-output>
          </reporter-output>
        </test-method> <!-- statusupdate -->
        <test-method is-config="true" signature="login(org.testng.ITestContext)[pri:0, instance:com.amazon.user.regression.AmazonLoginTest@7a36c83a, instance params:[{loginEmail=pradeepsakthi5148@gmail.com, testscenarioName=Pradeep Success Login, userProfileName=Pradeep}]]" started-at="2023-11-23T20:40:09 EST" name="login" finished-at="2023-11-23T20:40:14 EST" duration-ms="5542" status="PASS">
          <params>
            <param index="0">
              <value>
                <![CDATA[org.testng.TestRunner@40ecead5]]>
              </value>
            </param>
          </params>
          <reporter-output>
          </reporter-output>
        </test-method> <!-- login -->
        <test-method signature="loginUser()[pri:1, instance:com.amazon.user.regression.AmazonLoginTest@7a36c83a, instance params:[{loginEmail=pradeepsakthi5148@gmail.com, testscenarioName=Pradeep Success Login, userProfileName=Pradeep}]]" started-at="2023-11-23T20:40:14 EST" name="loginUser" finished-at="2023-11-23T20:40:44 EST" duration-ms="30181" status="PASS">
          <reporter-output>
          </reporter-output>
        </test-method> <!-- loginUser -->
        <test-method is-config="true" signature="getResult(org.testng.ITestResult)[pri:0, instance:com.amazon.user.regression.AmazonLoginTest@154b8cb6, instance params:[{loginEmail=pradeepsakthi5148@gmail.com, browser=Chrome, testscenarioName=Pradeep Success Login, userProfileName=Pradeep}]]" started-at="2023-11-23T20:40:44 EST" name="getResult" finished-at="2023-11-23T20:40:44 EST" duration-ms="1" status="PASS">
          <params>
            <param index="0">
              <value>
                <![CDATA[[TestResult name=loginUser status=SUCCESS method=AmazonLoginTest.loginUser()[pri:1, instance:com.amazon.user.regression.AmazonLoginTest@7a36c83a, instance params:[{loginEmail=pradeepsakthi5148@gmail.com, testscenarioName=Pradeep Success Login, userProfileName=Pradeep}]] output={null}]]]>
              </value>
            </param>
          </params>
          <reporter-output>
          </reporter-output>
        </test-method> <!-- getResult -->
        <test-method signature="logoutUser()[pri:2, instance:com.amazon.user.regression.AmazonLoginTest@7a36c83a, instance params:[{loginEmail=pradeepsakthi5148@gmail.com, testscenarioName=Pradeep Success Login, userProfileName=Pradeep}]]" started-at="2023-11-23T20:40:44 EST" name="logoutUser" finished-at="2023-11-23T20:40:52 EST" depends-on-methods="com.amazon.user.regression.AmazonLoginTest.loginUser" duration-ms="7153" status="PASS">
          <reporter-output>
          </reporter-output>
        </test-method> <!-- logoutUser -->
        <test-method is-config="true" signature="getResult(org.testng.ITestResult)[pri:0, instance:com.amazon.user.regression.AmazonLoginTest@154b8cb6, instance params:[{loginEmail=pradeepsakthi5148@gmail.com, browser=Chrome, testscenarioName=Pradeep Success Login, userProfileName=Pradeep}]]" started-at="2023-11-23T20:40:52 EST" name="getResult" finished-at="2023-11-23T20:40:52 EST" duration-ms="1" status="PASS">
          <params>
            <param index="0">
              <value>
                <![CDATA[[TestResult name=logoutUser status=SUCCESS method=AmazonLoginTest.logoutUser()[pri:2, instance:com.amazon.user.regression.AmazonLoginTest@7a36c83a, instance params:[{loginEmail=pradeepsakthi5148@gmail.com, testscenarioName=Pradeep Success Login, userProfileName=Pradeep}]] output={null}]]]>
              </value>
            </param>
          </params>
          <reporter-output>
          </reporter-output>
        </test-method> <!-- getResult -->
        <test-method is-config="true" signature="statusupdate()[pri:0, instance:com.amazon.user.regression.AmazonLoginTest@154b8cb6, instance params:[{loginEmail=pradeepsakthi5148@gmail.com, browser=Chrome, testscenarioName=Pradeep Success Login, userProfileName=Pradeep}]]" started-at="2023-11-23T20:40:52 EST" name="statusupdate" finished-at="2023-11-23T20:40:52 EST" duration-ms="0" status="PASS">
          <reporter-output>
          </reporter-output>
        </test-method> <!-- statusupdate -->
        <test-method is-config="true" signature="endReport()[pri:0, instance:com.amazon.user.regression.AmazonLoginTest@154b8cb6, instance params:[{loginEmail=pradeepsakthi5148@gmail.com, browser=Chrome, testscenarioName=Pradeep Success Login, userProfileName=Pradeep}]]" started-at="2023-11-23T20:40:52 EST" name="endReport" finished-at="2023-11-23T20:40:52 EST" duration-ms="375" status="PASS">
          <reporter-output>
          </reporter-output>
        </test-method> <!-- endReport -->
        <test-method is-config="true" signature="afterSuiteMethod()[pri:0, instance:com.amazon.user.regression.AmazonLoginTest@154b8cb6, instance params:[{loginEmail=pradeepsakthi5148@gmail.com, browser=Chrome, testscenarioName=Pradeep Success Login, userProfileName=Pradeep}]]" started-at="2023-11-23T20:40:53 EST" name="afterSuiteMethod" finished-at="2023-11-23T20:40:56 EST" duration-ms="3609" status="PASS">
          <reporter-output>
          </reporter-output>
        </test-method> <!-- afterSuiteMethod -->
      </class> <!-- com.amazon.user.regression.AmazonLoginTest -->
    </test> <!-- Amazon_Login_Test -->
  </suite> <!-- Amazon-Sanity_Dev -->
</testng-results>
