<?xml version="1.0" encoding="UTF-8"?>
<!-- Generated by org.testng.reporters.JUnitXMLReporter -->
<testsuite ignored="0" hostname="HQSML-K200525" failures="0" tests="6" name="Amazon_Login_Test" time="98.487" errors="0" timestamp="2023-11-23T20:40:52 EST">
  <testcase classname="com.amazon.user.regression.AmazonLoginTest" name="loginUser" time="0.021"/>
  <testcase classname="com.amazon.user.regression.AmazonLoginTest" name="logoutUser" time="0.002"/>
  <testcase classname="com.amazon.user.regression.AmazonLoginTest" name="loginUser" time="37.391"/>
  <testcase classname="com.amazon.user.regression.AmazonLoginTest" name="logoutUser" time="9.503"/>
  <testcase classname="com.amazon.user.regression.AmazonLoginTest" name="loginUser" time="30.181"/>
  <testcase classname="com.amazon.user.regression.AmazonLoginTest" name="logoutUser" time="7.153"/>
</testsuite> <!-- Amazon_Login_Test -->
