<?xml version="1.0" encoding="UTF-8"?>
<!-- Generated by org.testng.reporters.JUnitXMLReporter -->
<testsuite ignored="0" hostname="HQSML-K200525" failures="1"
	tests="2" name="Amazon_UI_Test" time="0.421" errors="0"
	timestamp="2023-11-21T11:18:17 EST">
	<testcase
		classname="com.amazon.user.regression.AmazonLoginTest"
		name="loginUser" time="0.025">
		<failure type="java.lang.NullPointerException"
			message="Cannot invoke &amp;quot;org.openqa.selenium.WebDriver.get(String)&amp;quot; because &amp;quot;this.driver&amp;quot; is null">
      <![CDATA[java.lang.NullPointerException: Cannot invoke "org.openqa.selenium.WebDriver.get(String)" because "this.driver" is null
at com.amazon.pages.BasePage.openUrl(BasePage.java:42)
at com.amazon.pages.AmazonLandingPage.openPageUrl(AmazonLandingPage.java:82)
at com.amazon.base.TestUtilities.loginAmazonUser(TestUtilities.java:106)
at com.amazon.base.TestUtilities.loginAmazon(TestUtilities.java:94)
at com.amazon.user.regression.AmazonLoginTest.loginUser(AmazonLoginTest.java:48)
at java.base/java.util.ArrayList.forEach(ArrayList.java:1511)
... Removed 27 stack frames]]>
		</failure>
	</testcase> <!-- loginUser -->
	<testcase
		classname="com.amazon.user.regression.AmazonLoginTest"
		name="logoutUser" time="0.0">
		<skipped />
	</testcase> <!-- logoutUser -->
</testsuite> <!-- Amazon_UI_Test -->
