<?xml version="1.0" encoding="UTF-8"?>
<!-- Generated by org.testng.reporters.JUnitXMLReporter -->
<testsuite ignored="0" hostname="HQSML-K200525" failures="0"
	tests="4" name="MockAPI_Test" time="105.7" errors="0"
	timestamp="2023-11-23T16:37:47 EST">
	<testcase
		classname="com.amazon.user.regression.AmazonLoginTest"
		name="loginUser" time="37.031" />
	<testcase
		classname="com.amazon.user.regression.AmazonLoginTest"
		name="logoutUser" time="7.794" />
	<testcase
		classname="com.amazon.user.regression.AmazonLoginTest"
		name="loginUser" time="37.147" />
	<testcase
		classname="com.amazon.user.regression.AmazonLoginTest"
		name="logoutUser" time="10.71" />
</testsuite> <!-- MockAPI_Test -->
